\BOOKMARK [0][-]{chapter.1}{Hodgkin Huxley NeuroML/LEMS Neuron Model Tutorial}{}% 1
\BOOKMARK [1][-]{section.1.1}{Membrane Capacitance}{chapter.1}% 2
\BOOKMARK [1][-]{section.1.2}{Sodium \(Na\) Ion Channel Variables}{chapter.1}% 3
\BOOKMARK [1][-]{section.1.3}{Potassium \(K\) Ion Channel Variables}{chapter.1}% 4
\BOOKMARK [1][-]{section.1.4}{Passive Leak Channel Variables}{chapter.1}% 5
\BOOKMARK [1][-]{section.1.5}{Time of Simulation}{chapter.1}% 6
\BOOKMARK [1][-]{section.1.6}{Input Current / Input Current Density}{chapter.1}% 7
\BOOKMARK [1][-]{section.1.7}{Channel Gating Kinetics for Sodium \(Na\) Channel m}{chapter.1}% 8
\BOOKMARK [1][-]{section.1.8}{Channel Gating Kinetics for Sodium \(Na\) Channel h}{chapter.1}% 9
\BOOKMARK [1][-]{section.1.9}{Channel Gating Kinetics for Potassium \(K\) channel n}{chapter.1}% 10
\BOOKMARK [1][-]{section.1.10}{Initial Values}{chapter.1}% 11
\BOOKMARK [1][-]{section.1.11}{Plots}{chapter.1}% 12
\BOOKMARK [0][-]{chapter.2}{Hodgkin Huxley Sources}{}% 13
\BOOKMARK [1][-]{section.2.1}{Hodgkin Huxley.py}{chapter.2}% 14
\BOOKMARK [1][-]{section.2.2}{NML2\137SingleCompHHCell.nml}{chapter.2}% 15
\BOOKMARK [1][-]{section.2.3}{LEMS\137NML2\137Ex5\137DetCell.xml}{chapter.2}% 16
\BOOKMARK [1][-]{section.2.4}{run.sh}{chapter.2}% 17
\BOOKMARK [0][-]{chapter.3}{Indices and tables}{}% 18
\BOOKMARK [0][-]{section*.25}{Python Module Index}{}% 19
\BOOKMARK [0][-]{section*.26}{Index}{}% 20
